[14:03:05] This is prokka 1.14.6
[14:03:05] Written by Torsten Seemann <torsten.seemann@gmail.com>
[14:03:05] Homepage is https://github.com/tseemann/prokka
[14:03:05] Local time is Tue Mar 26 14:03:05 2024
[14:03:05] You are janellemande
[14:03:05] Operating system is linux
[14:03:05] You have BioPerl 1.7.8
[14:03:05] System has 12 cores.
[14:03:05] Will use maximum of 8 cores.
[14:03:05] Annotating as >>> Bacteria <<<
[14:03:05] Generating locus_tag from 'AbyssOutput/microbe-8.fa' contents.
[14:03:11] Setting --locustag GCJMANHL from MD5 0c36a715925542f79828d323bde726d2
[14:03:11] Creating new output folder: prokkaannotation
[14:03:11] Running: mkdir -p prokkaannotation
[14:03:11] Using filename prefix: microbe.XXX
[14:03:11] Setting HMMER_NCPU=1
[14:03:11] Writing log to: prokkaannotation/microbe.log
[14:03:11] Command: /home/janellemande/miniforge-pypy3/envs/genomeassembly/bin/prokka -outdir prokkaannotation --prefix microbe AbyssOutput/microbe-8.fa
[14:03:11] Appending to PATH: /home/janellemande/miniforge-pypy3/envs/genomeassembly/bin
[14:03:11] Looking for 'aragorn' - found /home/janellemande/miniforge-pypy3/envs/genomeassembly/bin/aragorn
[14:03:11] Determined aragorn version is 001002 from 'ARAGORN v1.2.41 Dean Laslett'
[14:03:11] Looking for 'barrnap' - found /home/janellemande/miniforge-pypy3/envs/genomeassembly/bin/barrnap
[14:03:11] Determined barrnap version is 000009 from 'barrnap 0.9'
[14:03:11] Looking for 'blastp' - found /home/janellemande/miniforge-pypy3/envs/genomeassembly/bin/blastp
[14:03:13] Determined blastp version is 002015 from 'blastp: 2.15.0+'
[14:03:13] Looking for 'cmpress' - found /home/janellemande/miniforge-pypy3/envs/genomeassembly/bin/cmpress
[14:03:13] Determined cmpress version is 001001 from '# INFERNAL 1.1.5 (Sep 2023)'
[14:03:13] Looking for 'cmscan' - found /home/janellemande/miniforge-pypy3/envs/genomeassembly/bin/cmscan
[14:03:13] Determined cmscan version is 001001 from '# INFERNAL 1.1.5 (Sep 2023)'
[14:03:13] Looking for 'egrep' - found /usr/bin/egrep
[14:03:13] Looking for 'find' - found /usr/bin/find
[14:03:13] Looking for 'grep' - found /usr/bin/grep
[14:03:13] Looking for 'hmmpress' - found /home/janellemande/miniforge-pypy3/envs/genomeassembly/bin/hmmpress
[14:03:13] Determined hmmpress version is 003004 from '# HMMER 3.4 (Aug 2023); http://hmmer.org/'
[14:03:13] Looking for 'hmmscan' - found /home/janellemande/miniforge-pypy3/envs/genomeassembly/bin/hmmscan
[14:03:13] Determined hmmscan version is 003004 from '# HMMER 3.4 (Aug 2023); http://hmmer.org/'
[14:03:13] Looking for 'java' - found /home/janellemande/miniforge-pypy3/envs/genomeassembly/bin/java
[14:03:13] Looking for 'makeblastdb' - found /home/janellemande/miniforge-pypy3/envs/genomeassembly/bin/makeblastdb
[14:03:13] Determined makeblastdb version is 002015 from 'makeblastdb: 2.15.0+'
[14:03:13] Looking for 'minced' - found /home/janellemande/miniforge-pypy3/envs/genomeassembly/bin/minced
[14:03:14] Determined minced version is 004002 from 'minced 0.4.2'
[14:03:14] Looking for 'parallel' - found /home/janellemande/miniforge-pypy3/envs/genomeassembly/bin/parallel
[14:03:15] Determined parallel version is 20240122 from 'GNU parallel 20240122'
[14:03:15] Looking for 'prodigal' - found /home/janellemande/miniforge-pypy3/envs/genomeassembly/bin/prodigal
[14:03:15] Determined prodigal version is 002006 from 'Prodigal V2.6.3: February, 2016'
[14:03:15] Looking for 'prokka-genbank_to_fasta_db' - found /home/janellemande/miniforge-pypy3/envs/genomeassembly/bin/prokka-genbank_to_fasta_db
[14:03:15] Looking for 'sed' - found /usr/bin/sed
[14:03:15] Looking for 'tbl2asn' - found /home/janellemande/miniforge-pypy3/envs/genomeassembly/bin/tbl2asn
[14:03:15] Determined tbl2asn version is 025007 from 'tbl2asn 25.7   arguments:'
[14:03:15] Using genetic code table 11.
[14:03:15] Loading and checking input file: AbyssOutput/microbe-8.fa
[14:03:16] Wrote 443 contigs totalling 5601621 bp.
[14:03:16] Predicting tRNAs and tmRNAs
[14:03:16] Running: aragorn -l -gc11  -w prokkaannotation\/microbe\.fna
[14:03:16] 1 tRNA-Ile [119,195] 35 (gat)
[14:03:16] 2 tRNA-Ala [301,376] 34 (tgc)
[14:03:16] 1 tRNA-Glu [34,109] 35 (ttc)
[14:03:16] 1 tRNA-Ile [145,221] 35 (gat)
[14:03:16] 2 tRNA-Ala [258,333] 34 (tgc)
[14:03:16] 1 tRNA-Phe c[16370,16445] 34 (gaa)
[14:03:16] 2 tRNA-Gly [57285,57360] 34 (gcc)
[14:03:16] 3 tRNA-Gly [57429,57504] 34 (gcc)
[14:03:16] 4 tRNA-Gly [57577,57652] 34 (gcc)
[14:03:16] 1 tRNA-Ser c[62571,62658] 35 (tga)
[14:03:18] 1 tRNA-Leu c[27686,27770] 35 (caa)
[14:03:18] 1 tRNA-Met [63363,63439] 35 (cat)
[14:03:18] 2 tRNA-Met [63473,63549] 35 (cat)
[14:03:18] 3 tRNA-Met [63582,63658] 35 (cat)
[14:03:18] 1 tmRNA [2415,2777] 90,125 ANDENYALAA**
[14:03:18] 2 tRNA-Arg c[99923,99999] 35 (acg)
[14:03:18] 3 tRNA-Arg c[100228,100304] 35 (acg)
[14:03:18] 4 tRNA-Arg c[100366,100442] 35 (acg)
[14:03:18] 5 tRNA-Arg c[100593,100669] 35 (acg)
[14:03:18] 6 tRNA-Ser c[100674,100766] 35 (gct)
[14:03:18] 1 tRNA-Gly [25250,25325] 34 (gcc)
[14:03:18] 2 tRNA-Cys [25366,25439] 33 (gca)
[14:03:18] 3 tRNA-Leu [25453,25539] 35 (taa)
[14:03:18] 1 tRNA-Thr [102,177] 34 (ggt)
[14:03:18] 2 tRNA-Leu [93129,93215] 35 (gag)
[14:03:18] 3 tRNA-Met [97146,97222] 35 (cat)
[14:03:18] 1 tRNA-Pro [69202,69278] 35 (ggg)
[14:03:18] 2 tRNA-Arg [198179,198253] 34 (cct)
[14:03:18] 3 tRNA-Ala c[218577,218652] 34 (ggc)
[14:03:18] 4 tRNA-Ala c[218694,218769] 34 (ggc)
[14:03:18] 5 tRNA-Val [221468,221543] 34 (tac)
[14:03:18] 6 tRNA-Val [221589,221664] 34 (tac)
[14:03:18] 7 tRNA-Val [221711,221786] 34 (tac)
[14:03:18] 8 tRNA-Lys [221791,221866] 34 (ttt)
[14:03:18] 1 tRNA-Gln c[92876,92950] 33 (ctg)
[14:03:18] 2 tRNA-Gln c[93026,93100] 33 (ctg)
[14:03:18] 3 tRNA-Met c[93148,93224] 35 (cat)
[14:03:18] 4 tRNA-Gln c[93248,93322] 33 (ttg)
[14:03:18] 5 tRNA-Gln c[93359,93433] 33 (ttg)
[14:03:18] 6 tRNA-Leu c[93457,93541] 35 (tag)
[14:03:18] 7 tRNA-Met c[93550,93626] 35 (cat)
[14:03:18] 1 tRNA-Pro c[48527,48603] 35 (tgg)
[14:03:18] 2 tRNA-Leu c[48646,48732] 35 (cag)
[14:03:18] 3 tRNA-His c[48756,48831] 34 (gtg)
[14:03:18] 4 tRNA-Arg c[48887,48963] 35 (ccg)
[14:03:18] 5 tRNA-Trp c[86994,87069] 34 (cca)
[14:03:18] 6 tRNA-Asp c[87123,87199] 35 (gtc)
[14:03:18] 1 tRNA-Ser c[23915,24004] 35 (cga)
[14:03:18] 2 tRNA-Asn [24996,25071] 34 (gtt)
[14:03:18] 3 tRNA-Asn [30242,30317] 34 (gtt)
[14:03:18] 4 tRNA-Asn c[39161,39236] 34 (gtt)
[14:03:18] 5 tRNA-Asn [40994,41069] 34 (gtt)
[14:03:18] 1 tRNA-Lys c[195485,195560] 34 (ttt)
[14:03:18] 2 tRNA-Lys c[195694,195769] 34 (ttt)
[14:03:18] 3 tRNA-Lys c[195916,195991] 34 (ttt)
[14:03:18] 4 tRNA-Val c[195995,196070] 34 (tac)
[14:03:18] 5 tRNA-Lys c[196220,196295] 34 (ttt)
[14:03:18] 6 tRNA-Val c[196298,196373] 34 (tac)
[14:03:18] 7 tRNA-Lys c[196499,196574] 34 (ttt)
[14:03:18] 1 tRNA-Phe [32857,32932] 34 (gaa)
[14:03:18] 2 tRNA-Met [114782,114857] 34 (cat)
[14:03:18] 1 tRNA-Ser [74518,74605] 35 (gga)
[14:03:18] 2 tRNA-Ser [77599,77686] 35 (gga)
[14:03:18] 1 tRNA-Gly [44951,45024] 33 (ccc)
[14:03:18] 1 tRNA-Leu c[47707,47793] 35 (cag)
[14:03:18] 2 tRNA-Leu c[47825,47911] 35 (cag)
[14:03:18] 3 tRNA-Leu c[47940,48026] 35 (cag)
[14:03:18] 1 tRNA-SeC c[38800,38894] 35 (tca)
[14:03:18] 2 tRNA-Pro [168412,168488] 35 (cgg)
[14:03:19] 1 tRNA-Thr [3944,4019] 34 (tgt)
[14:03:19] 2 tRNA-Tyr [4030,4114] 35 (gta)
[14:03:19] 3 tRNA-Gly [4230,4304] 34 (tcc)
[14:03:19] 4 tRNA-Thr [4310,4385] 34 (ggt)
[14:03:19] 1 tRNA-Asp [145,221] 35 (gtc)
[14:03:19] 2 tRNA-Asp [9598,9674] 35 (gtc)
[14:03:19] 3 tRNA-Thr c[92209,92284] 34 (cgt)
[14:03:19] 1 tRNA-Tyr [203809,203893] 35 (gta)
[14:03:19] 2 tRNA-Tyr [204109,204193] 35 (gta)
[14:03:19] 1 tRNA-Arg c[43235,43311] 35 (tct)
[14:03:19] 1 tRNA-Val [438678,438754] 35 (gac)
[14:03:19] 2 tRNA-Val [438759,438835] 35 (gac)
[14:03:19] 3 tRNA-Val [438840,438916] 35 (gac)
[14:03:19] Found 82 tRNAs
[14:03:19] Predicting Ribosomal RNAs
[14:03:19] Running Barrnap with 8 threads
[14:03:21] 1 1211 66 5S ribosomal RNA (partial)
[14:03:21] 2 2108 3 16S ribosomal RNA (partial)
[14:03:21] 3 2198 2 5S ribosomal RNA (partial)
[14:03:21] 4 2198 218 5S ribosomal RNA
[14:03:21] 5 2199 394457 5S ribosomal RNA
[14:03:21] 6 2211 4 16S ribosomal RNA (partial)
[14:03:21] 7 2212 4 16S ribosomal RNA (partial)
[14:03:21] 8 2213 4 16S ribosomal RNA (partial)
[14:03:21] 9 2214 4 16S ribosomal RNA (partial)
[14:03:21] 10 2235 4 16S ribosomal RNA (partial)
[14:03:21] 11 2235 498 23S ribosomal RNA (partial)
[14:03:21] 12 2237 2 5S ribosomal RNA (partial)
[14:03:21] 13 856 2 5S ribosomal RNA (partial)
[14:03:21] Found 13 rRNAs
[14:03:21] Skipping ncRNA search, enable with --rfam if desired.
[14:03:21] Total of 94 tRNA + rRNA features
[14:03:21] Searching for CRISPR repeats
[14:03:22] CRISPR1 2238 60078 with 12 spacers
[14:03:22] CRISPR2 2238 69538 with 10 spacers
[14:03:22] Found 2 CRISPRs
[14:03:22] Predicting coding sequences
[14:03:22] Contigs total 5601621 bp, so using single mode
[14:03:22] Running: prodigal -i prokkaannotation\/microbe\.fna -c -m -g 11 -p single -f sco -q
[14:03:26] Excluding CDS which overlaps existing RNA (tRNA) at 2198:97115..97321 on - strand
[14:03:27] Excluding CDS which overlaps existing RNA (tRNA) at 2211:48475..48627 on + strand
[14:03:28] Excluding CDS which overlaps existing RNA (tRNA) at 2246:438429..438914 on - strand
[14:03:28] Found 5188 CDS
[14:03:28] Connecting features back to sequences
[14:03:28] Not using genus-specific database. Try --usegenus to enable it.
[14:03:28] Annotating CDS, please be patient.
[14:03:28] Will use 8 CPUs for similarity searching.
[14:03:29] There are still 5188 unannotated CDS left (started with 5188)
[14:03:29] Will use blast to search against /home/janellemande/miniforge-pypy3/envs/genomeassembly/db/kingdom/Bacteria/IS with 8 CPUs
[14:03:29] Running: cat prokkaannotation\/microbe\.IS\.tmp\.16720\.faa | parallel --gnu --plain -j 8 --block 103167 --recstart '>' --pipe blastp -query - -db /home/janellemande/miniforge-pypy3/envs/genomeassembly/db/kingdom/Bacteria/IS -evalue 1e-30 -qcov_hsp_perc 90 -num_threads 1 -num_descriptions 1 -num_alignments 1 -seg no > prokkaannotation\/microbe\.IS\.tmp\.16720\.blast 2> /dev/null
[14:03:44] Deleting unwanted file: prokkaannotation/microbe.IS.tmp.16720.faa
[14:03:44] Deleting unwanted file: prokkaannotation/microbe.IS.tmp.16720.blast
[14:03:45] There are still 5122 unannotated CDS left (started with 5188)
[14:03:45] Will use blast to search against /home/janellemande/miniforge-pypy3/envs/genomeassembly/db/kingdom/Bacteria/AMR with 8 CPUs
[14:03:45] Running: cat prokkaannotation\/microbe\.AMR\.tmp\.16720\.faa | parallel --gnu --plain -j 8 --block 101949 --recstart '>' --pipe blastp -query - -db /home/janellemande/miniforge-pypy3/envs/genomeassembly/db/kingdom/Bacteria/AMR -evalue 1e-300 -qcov_hsp_perc 90 -num_threads 1 -num_descriptions 1 -num_alignments 1 -seg no > prokkaannotation\/microbe\.AMR\.tmp\.16720\.blast 2> /dev/null
[14:03:56] Deleting unwanted file: prokkaannotation/microbe.AMR.tmp.16720.faa
[14:03:56] Deleting unwanted file: prokkaannotation/microbe.AMR.tmp.16720.blast
[14:03:57] There are still 5121 unannotated CDS left (started with 5188)
[14:03:57] Will use blast to search against /home/janellemande/miniforge-pypy3/envs/genomeassembly/db/kingdom/Bacteria/sprot with 8 CPUs
[14:03:57] Running: cat prokkaannotation\/microbe\.sprot\.tmp\.16720\.faa | parallel --gnu --plain -j 8 --block 101883 --recstart '>' --pipe blastp -query - -db /home/janellemande/miniforge-pypy3/envs/genomeassembly/db/kingdom/Bacteria/sprot -evalue 1e-09 -qcov_hsp_perc 80 -num_threads 1 -num_descriptions 1 -num_alignments 1 -seg no > prokkaannotation\/microbe\.sprot\.tmp\.16720\.blast 2> /dev/null
[14:04:56] Modify product: UPF0053 inner membrane protein YfjD => hypothetical protein
[14:04:56] Modify product: Probable cystine transporter YijE => putative cystine transporter YijE
[14:04:56] Modify product: UPF0761 membrane protein YihY => hypothetical protein
[14:04:56] Modify product: Probable GTP-binding protein EngB => putative GTP-binding protein EngB
[14:04:56] Modify product: Probable acyltransferase YihG => putative acyltransferase YihG
[14:04:56] Modify product: Protein SlyX homolog => Protein SlyX 
[14:04:56] Modify product: Uncharacterized ABC transporter ATP-binding protein YheS => putative ABC transporter ATP-binding protein YheS
[14:04:56] Modify product: UPF0270 protein PA3463 => hypothetical protein
[14:04:56] Modify product: Probable protein adenylyltransferase Fic => putative protein adenylyltransferase Fic
[14:04:56] Modify product: Uncharacterized protein YhfG => putative protein YhfG
[14:04:56] Modify product: UPF0509 protein YciZ => hypothetical protein
[14:04:56] Modify product: Uncharacterized protein YciH => putative protein YciH
[14:04:56] Modify product: Probable protease SohB => putative protease SohB
[14:04:56] Modify product: Uncharacterized oxidoreductase YciK => putative oxidoreductase YciK
[14:04:56] Modify product: Uncharacterized protein YciO => putative protein YciO
[14:04:56] Modify product: Probable tartrate dehydrogenase/decarboxylase TtuC' => putative tartrate dehydrogenase/decarboxylase TtuC'
[14:04:56] Modify product: PKHD-type hydroxylase Sbal_3634 => PKHD-type hydroxylase
[14:04:56] Modify product: UPF0259 membrane protein YciC => hypothetical protein
[14:04:56] Modify product: Probable intracellular septation protein A => putative intracellular septation protein A
[14:04:56] Modify product: Uncharacterized acyl-CoA thioester hydrolase HI_0827 => putative acyl-CoA thioester hydrolase
[14:04:56] Modify product: Uncharacterized HTH-type transcriptional regulator CBU_1416 => putative HTH-type transcriptional regulator
[14:04:56] Modify product: Probable L,D-transpeptidase ErfK/SrfK => putative L,D-transpeptidase ErfK/SrfK
[14:04:56] Modify product: Probable acrylyl-CoA reductase AcuI => putative acrylyl-CoA reductase AcuI
[14:04:56] Modify product: Probable FMN/FAD exporter YeeO => putative FMN/FAD exporter YeeO
[14:04:56] Modify product: Uncharacterized protein YeaR => putative protein YeaR
[14:04:56] Modify product: UPF0265 protein YeeX => hypothetical protein
[14:04:56] Modify product: Uncharacterized protein YbdM => putative protein YbdM
[14:04:56] Modify product: Uncharacterized HTH-type transcriptional regulator YbdO => putative HTH-type transcriptional regulator YbdO
[14:04:56] Modify product: Uncharacterized HTH-type transcriptional regulator YbdO => putative HTH-type transcriptional regulator YbdO
[14:04:56] Modify product: UPF0250 protein YbeD => hypothetical protein
[14:04:57] Modify product: Uncharacterized lipoprotein ChiQ => putative lipoprotein ChiQ
[14:04:57] Modify product: Uncharacterized protein YbfE => putative protein YbfE
[14:04:57] Modify product: GTP cyclohydrolase 1 type 2 homolog => GTP cyclohydrolase 1 type 2 
[14:04:57] Modify product: Uncharacterized protein YcjX => putative protein YcjX
[14:04:57] Modify product: UPF0283 membrane protein YcjF => hypothetical protein
[14:04:57] Modify product: Probable 6-phospho-beta-glucosidase => putative 6-phospho-beta-glucosidase
[14:04:57] Modify product: Uncharacterized protein PA2218 => putative protein
[14:04:57] Modify product: Uncharacterized oxidoreductase YtbE => putative oxidoreductase YtbE
[14:04:57] Modify product: Probable protein kinase UbiB => putative protein kinase UbiB
[14:04:57] Modify product: Probable transport protein YifK => putative transport protein YifK
[14:04:57] Modify product: Probable ECA polymerase => putative ECA polymerase
[14:04:57] Modify product: Uncharacterized membrane protein YdfK => putative membrane protein YdfK
[14:04:57] Modify product: UPF0438 protein YifE => hypothetical protein
[14:04:57] Modify product: Probable transport protein HsrA => putative transport protein HsrA
[14:04:57] Modify product: Probable glucosamine-6-phosphate deaminase 2 => putative glucosamine-6-phosphate deaminase 2
[14:04:57] Modify product: Probable 2-dehydro-3-deoxygalactonokinase DgoK1 => putative 2-dehydro-3-deoxygalactonokinase DgoK1
[14:04:57] Modify product: Uncharacterized periplasmic iron-binding protein HI_0362 => putative periplasmic iron-binding protein
[14:04:57] Modify product: Uncharacterized protein YqjD => putative protein YqjD
[14:04:57] Modify product: UPF0053 inner membrane protein YoaE => hypothetical protein
[14:04:57] Modify product: 23S rRNA 5-hydroxycytidine C2501 synthase => 23S rRNA 5-hydroxycytidine synthase
[14:04:57] Modify product: Probable lipid kinase YegS => putative lipid kinase YegS
[14:04:57] Modify product: Uncharacterized N-acetyltransferase YafP => putative N-acetyltransferase YafP
[14:04:57] Modify product: UPF0387 membrane protein YohO => hypothetical protein
[14:04:57] Modify product: Uncharacterized protein YedJ => putative protein YedJ
[14:04:57] Modify product: Uncharacterized inner membrane transporter YedA => putative inner membrane transporter YedA
[14:04:57] Modify product: Probable diguanylate cyclase DgcQ => putative diguanylate cyclase DgcQ
[14:04:57] Modify product: Probable transport protein HsrA => putative transport protein HsrA
[14:04:57] Modify product: Probable transcriptional regulatory protein YebC => putative transcriptional regulatory protein YebC
[14:04:57] Modify product: Uncharacterized protein HI_0461 => putative protein
[14:04:57] Modify product: Uncharacterized protein YebV => putative protein YebV
[14:04:57] Modify product: Probable manganese efflux pump MntP => putative manganese efflux pump MntP
[14:04:57] Modify product: UPF0266 membrane protein YobD => hypothetical protein
[14:04:57] Modify product: UPF0053 inner membrane protein YoaE => hypothetical protein
[14:04:57] Modify product: Probable cyclic di-GMP phosphodiesterase PdeD => putative cyclic di-GMP phosphodiesterase PdeD
[14:04:57] Modify product: Probable ATP-dependent DNA helicase YoaA => putative ATP-dependent DNA helicase YoaA
[14:04:57] Modify product: Uncharacterized protein YcgM => putative protein YcgM
[14:04:57] Modify product: Uncharacterized protein YeaR => putative protein YeaR
[14:04:57] Modify product: UPF0102 protein RPA0323 => hypothetical protein
[14:04:57] Modify product: Uncharacterized protein YaeQ => putative protein YaeQ
[14:04:57] Modify product: UPF0253 protein YaeP => hypothetical protein
[14:04:57] Modify product: UPF0126 inner membrane protein YadS => hypothetical protein
[14:04:57] Modify product: Uncharacterized ABC transporter ATP-binding protein YadG => putative ABC transporter ATP-binding protein YadG
[14:04:57] Modify product: Probable glucarate transporter => putative glucarate transporter
[14:04:57] Modify product: Uncharacterized protein PA3435 => putative protein
[14:04:57] Modify product: Uncharacterized protein YqcC => putative protein YqcC
[14:04:57] Modify product: Uncharacterized HTH-type transcriptional regulator YdjF => putative HTH-type transcriptional regulator YdjF
[14:04:57] Modify product: UPF0382 inner membrane protein YgdD => hypothetical protein
[14:04:57] Modify product: Uncharacterized lipoprotein YgdR => putative lipoprotein YgdR
[14:04:57] Modify product: Probable cobalt-factor III C(17)-methyltransferase => putative cobalt-factor III C(17)-methyltransferase
[14:04:57] Modify product: UPF0125 protein RatB => hypothetical protein
[14:04:57] Modify product: Uncharacterized protein YbiI => putative protein YbiI
[14:04:57] Modify product: Probable fimbrial chaperone YadV => putative fimbrial chaperone YadV
[14:04:57] Modify product: Probable fimbrial chaperone YraI => putative fimbrial chaperone YraI
[14:04:57] Modify product: Probable HTH-type transcriptional regulator YgaV => putative HTH-type transcriptional regulator YgaV
[14:04:57] Modify product: Uncharacterized protein YgaM => putative protein YgaM
[14:04:57] Modify product: UPF0716 protein FxsA => hypothetical protein
[14:04:57] Modify product: Probable L-ascorbate-6-phosphate lactonase UlaG => putative L-ascorbate-6-phosphate lactonase UlaG
[14:04:57] Modify product: Uncharacterized protein YtfJ => putative protein YtfJ
[14:04:57] Modify product: UPF0053 inner membrane protein YtfL => hypothetical protein
[14:04:57] Modify product: UPF0307 protein YjgA => hypothetical protein
[14:04:57] Modify product: Deacetylase EF_0837 => Deacetylase
[14:04:57] Modify product: Probable licABCH operon regulator => putative licABCH operon regulator
[14:04:57] Modify product: Probable 6-phospho-beta-glucosidase => putative 6-phospho-beta-glucosidase
[14:04:57] Modify product: Probable L-galactonate transporter => putative L-galactonate transporter
[14:04:57] Modify product: UPF0482 protein YnfB => hypothetical protein
[14:04:57] Modify product: Uncharacterized protein YnfD => putative protein YnfD
[14:04:57] Modify product: Probable UbiX-like flavin prenyltransferase => putative UbiX-like flavin prenyltransferase
[14:04:57] Modify product: Probable cyclic di-GMP phosphodiesterase PdeG => putative cyclic di-GMP phosphodiesterase PdeG
[14:04:57] Modify product: Probable major fimbrial subunit LpfA => putative major fimbrial subunit LpfA
[14:04:57] Modify product: Probable D,D-dipeptide-binding periplasmic protein DdpA => putative D,D-dipeptide-binding periplasmic protein DdpA
[14:04:57] Modify product: Probable D,D-dipeptide transport system permease protein DdpC => putative D,D-dipeptide transport system permease protein DdpC
[14:04:57] Modify product: Probable D,D-dipeptide transport ATP-binding protein DdpF => putative D,D-dipeptide transport ATP-binding protein DdpF
[14:04:57] Modify product: Probable cation-transporting ATPase F => putative cation-transporting ATPase F
[14:04:57] Modify product: Uncharacterized protein Rv0906 => putative protein
[14:04:57] Modify product: Uncharacterized protein YncE => putative protein YncE
[14:04:57] Modify product: Probable fimbrial chaperone EcpB => putative fimbrial chaperone EcpB
[14:04:57] Modify product: Probable outer membrane usher protein EcpC => putative outer membrane usher protein EcpC
[14:04:57] Modify product: Probable fimbrial chaperone EcpE => putative fimbrial chaperone EcpE
[14:04:57] Modify product: Probable glutamine ABC transporter permease protein GlnP => putative glutamine ABC transporter permease protein GlnP
[14:04:57] Modify product: Probable malonic semialdehyde reductase RutE => putative malonic semialdehyde reductase RutE
[14:04:57] Modify product: Uncharacterized protein YccJ => putative protein YccJ
[14:04:57] Modify product: Probable cyclic di-GMP phosphodiesterase PdeG => putative cyclic di-GMP phosphodiesterase PdeG
[14:04:57] Modify product: Putative anti-sigma factor antagonist TM_1442 => Putative anti-sigma factor antagonist
[14:04:57] Modify product: UPF0098 protein YbcL => hypothetical protein
[14:04:57] Modify product: Uncharacterized protein YccU => putative protein YccU
[14:04:57] Modify product: Uncharacterized protein YcbX => putative protein YcbX
[14:04:57] Modify product: Probable L,D-transpeptidase YcbB => putative L,D-transpeptidase YcbB
[14:04:57] Modify product: UPF0434 protein YcaR => hypothetical protein
[14:04:57] Modify product: Probable formate transporter 1 => putative formate transporter 1
[14:04:58] Modify product: Uncharacterized MFS-type transporter YcaD => putative MFS-type transporter YcaD
[14:04:58] Modify product: Uncharacterized lipoprotein YajI => putative lipoprotein YajI
[14:04:58] Modify product: Uncharacterized protein YaiA => putative protein YaiA
[14:04:58] Modify product: UPF0178 protein YaiI => hypothetical protein
[14:04:58] Modify product: Uncharacterized amino acid permease YhdG => putative amino acid permease YhdG
[14:04:58] Modify product: Leu/Ile/Val-binding protein homolog 3 => Leu/Ile/Val-binding protein 
[14:04:58] Modify product: Probable galactarate transporter => putative galactarate transporter
[14:04:58] Modify product: Uncharacterized MFS-type transporter YfcJ => putative MFS-type transporter YfcJ
[14:04:58] Modify product: Probable membrane transporter protein YfcA => putative membrane transporter protein YfcA
[14:04:58] Modify product: UPF0381 protein YiiS => hypothetical protein
[14:04:58] Modify product: Uncharacterized transporter YycB => putative transporter YycB
[14:04:58] Modify product: Probable cyclic di-GMP phosphodiesterase PdeA => putative cyclic di-GMP phosphodiesterase PdeA
[14:04:58] Modify product: Uncharacterized protein YybH => putative protein YybH
[14:04:58] Modify product: Uncharacterized protein YfeY => putative protein YfeY
[14:04:58] Modify product: Uncharacterized protein YfgD => putative protein YfgD
[14:04:58] Modify product: Uncharacterized protein YfgJ => putative protein YfgJ
[14:04:58] Modify product: UPF0070 protein HI_0370 => hypothetical protein
[14:04:58] Modify product: Probable 3-phenylpropionic acid transporter => putative 3-phenylpropionic acid transporter
[14:04:58] Modify product: Uncharacterized protein YphB => putative protein YphB
[14:04:58] Modify product: Uncharacterized tRNA/rRNA methyltransferase YfiF => putative tRNA/rRNA methyltransferase YfiF
[14:04:58] Modify product: Uncharacterized protein HI_0431 => putative protein
[14:04:58] Modify product: Uncharacterized sugar kinase YdjH => putative sugar kinase YdjH
[14:04:58] Modify product: Uncharacterized protein Rv2411c => putative protein
[14:04:58] Modify product: Uncharacterized protein Rv2567 => putative protein
[14:04:58] Modify product: Uncharacterized protein Rv2569c => putative protein
[14:04:58] Modify product: Uncharacterized membrane protein YhdT => putative membrane protein YhdT
[14:04:58] Modify product: Uncharacterized protein YhcO => putative protein YhcO
[14:04:58] Modify product: Uncharacterized inner membrane transporter YhbE => putative inner membrane transporter YhbE
[14:04:58] Modify product: Uncharacterized protease YhbU => putative protease YhbU
[14:04:58] Modify product: UPF0299 membrane protein YohJ => hypothetical protein
[14:04:58] Modify product: UPF0324 inner membrane protein YeiH => hypothetical protein
[14:04:58] Modify product: UPF0153 protein YeiW => hypothetical protein
[14:04:58] Modify product: Probable cyclic di-GMP phosphodiesterase PdeN => putative cyclic di-GMP phosphodiesterase PdeN
[14:04:58] Modify product: Uncharacterized ABC transporter ATP-binding protein YejF => putative ABC transporter ATP-binding protein YejF
[14:04:58] Modify product: Uncharacterized protein YejG => putative protein YejG
[14:04:58] Modify product: UPF0352 protein YejL => hypothetical protein
[14:04:58] Modify product: Putative transport protein Rv1101c => Putative transport protein
[14:04:58] Modify product: Uncharacterized HTH-type transcriptional regulator RhmR => putative HTH-type transcriptional regulator RhmR
[14:04:58] Modify product: UPF0304 protein YfbU => hypothetical protein
[14:04:58] Modify product: UPF0208 membrane protein YfbV => hypothetical protein
[14:04:58] Modify product: Uncharacterized Nudix hydrolase YfcD => putative Nudix hydrolase YfcD
[14:04:58] Modify product: Epimerase family protein SA0724 => Epimerase family protein
[14:04:58] Modify product: Uncharacterized lipoprotein YgdR => putative lipoprotein YgdR
[14:04:58] Modify product: UPF0053 inner membrane protein YgdQ => hypothetical protein
[14:04:58] Modify product: Probable propionate kinase => putative propionate kinase
[14:04:58] Modify product: Probable 2-dehydro-3-deoxygalactonokinase DgoK1 => putative 2-dehydro-3-deoxygalactonokinase DgoK1
[14:04:58] Modify product: UPF0442 protein YjjB => hypothetical protein
[14:04:58] Modify product: Uncharacterized metal-dependent hydrolase YjjV => putative metal-dependent hydrolase YjjV
[14:04:58] Modify product: Probable inner membrane protein Smp => putative inner membrane protein Smp
[14:04:58] Modify product: Uncharacterized lipoprotein YgdR => putative lipoprotein YgdR
[14:04:58] Modify product: Probable glucarate transporter => putative glucarate transporter
[14:04:58] Modify product: Probable peptidoglycan glycosyltransferase FtsW => putative peptidoglycan glycosyltransferase FtsW
[14:04:58] Modify product: UPF0231 protein YacL => hypothetical protein
[14:04:58] Modify product: Uncharacterized inner membrane transporter YicL => putative inner membrane transporter YicL
[14:04:58] Modify product: Uncharacterized protein YdfO => putative protein YdfO
[14:04:58] Modify product: UPF0394 inner membrane protein YedE => hypothetical protein
[14:04:58] Modify product: Probable DNA endonuclease SmrA => putative DNA endonuclease SmrA
[14:04:58] Modify product: UPF0301 protein YqgE => hypothetical protein
[14:04:58] Modify product: Uncharacterized protein YggR => putative protein YggR
[14:04:58] Modify product: UPF0235 protein YggU => hypothetical protein
[14:04:58] Modify product: Uncharacterized protein HI_0341 => putative protein
[14:04:58] Modify product: Probable Fe(2+)-trafficking protein => putative Fe(2+)-trafficking protein
[14:04:58] Modify product: Uncharacterized membrane protein YdfK => putative membrane protein YdfK
[14:04:58] Modify product: Probable fimbrial chaperone YraI => putative fimbrial chaperone YraI
[14:04:58] Modify product: Probable fimbrial chaperone protein ElfD => putative fimbrial chaperone protein ElfD
[14:04:58] Modify product: Probable fimbrial chaperone protein ElfD => putative fimbrial chaperone protein ElfD
[14:04:58] Modify product: Putative cystathionine beta-synthase Rv1077 => Putative cystathionine beta-synthase
[14:04:58] Modify product: Probable quinol monooxygenase YgiN => putative quinol monooxygenase YgiN
[14:04:58] Modify product: Probable glycerol-3-phosphate acyltransferase => putative glycerol-3-phosphate acyltransferase
[14:04:58] Modify product: UPF0758 protein => hypothetical protein
[14:04:58] Modify product: UPF0401 protein YkfF => hypothetical protein
[14:04:58] Modify product: Probable L,D-transpeptidase YcfS => putative L,D-transpeptidase YcfS
[14:04:58] Modify product: UPF0227 protein YcfP => hypothetical protein
[14:04:58] Modify product: Uncharacterized metal-dependent hydrolase YcfH => putative metal-dependent hydrolase YcfH
[14:04:58] Modify product: Probable lipid II flippase MurJ => putative lipid II flippase MurJ
[14:04:58] Modify product: UPF0502 protein YceH => hypothetical protein
[14:04:58] Modify product: Uncharacterized lipoprotein YceB => putative lipoprotein YceB
[14:04:58] Modify product: Uncharacterized protein YceO => putative protein YceO
[14:04:58] Modify product: UPF0176 protein YceA => hypothetical protein
[14:04:58] Modify product: Probable phosphatase YcdX => putative phosphatase YcdX
[14:04:58] Modify product: Probable hydrolase YcaC => putative hydrolase YcaC
[14:04:58] Modify product: UPF0149 protein HI_0817 => hypothetical protein
[14:04:58] Modify product: Uncharacterized oxidoreductase YgfF => putative oxidoreductase YgfF
[14:04:58] Modify product: UPF0267 protein YqfB => hypothetical protein
[14:04:58] Modify product: UPF0073 inner membrane protein YqfA => hypothetical protein
[14:04:58] Modify product: Uncharacterized membrane protein YdfK => putative membrane protein YdfK
[14:04:58] Modify product: Uncharacterized protein YjdJ => putative protein YjdJ
[14:04:58] Modify product: Probable major fimbrial subunit LpfA => putative major fimbrial subunit LpfA
[14:04:58] Modify product: Probable fimbrial chaperone YadV => putative fimbrial chaperone YadV
[14:04:58] Modify product: Acetyltransferase Atu2258 => Acetyltransferase
[14:04:58] Modify product: Zinc-type alcohol dehydrogenase-like protein SA1988 => Zinc-type alcohol dehydrogenase-like protein
[14:04:58] Modify product: UPF0311 protein CA_C3321 => hypothetical protein
[14:04:59] Modify product: UPF0126 inner membrane protein YicG => hypothetical protein
[14:04:59] Modify product: Uncharacterized protein Rv1998c => putative protein
[14:04:59] Modify product: UPF0701 protein YicC => hypothetical protein
[14:04:59] Modify product: UPF0194 membrane protein YbhG => hypothetical protein
[14:04:59] Modify product: Probable multidrug ABC transporter ATP-binding protein YbhF => putative multidrug ABC transporter ATP-binding protein YbhF
[14:04:59] Modify product: Probable multidrug ABC transporter permease YbhR => putative multidrug ABC transporter permease YbhR
[14:04:59] Modify product: UPF0758 protein YsxA => hypothetical protein
[14:04:59] Modify product: Uncharacterized protein YibN => putative protein YibN
[14:04:59] Modify product: Uncharacterized protein YibL => putative protein YibL
[14:04:59] Modify product: Uncharacterized GST-like protein YibF => putative GST-like protein YibF
[14:04:59] Modify product: Uncharacterized ABC transporter ATP-binding protein YheS => putative ABC transporter ATP-binding protein YheS
[14:04:59] Modify product: Probable lipoprotein YiaD => putative lipoprotein YiaD
[14:04:59] Modify product: Uncharacterized MFS-type transporter YhjX => putative MFS-type transporter YhjX
[14:04:59] Modify product: Probable cyclic di-GMP phosphodiesterase PdeK => putative cyclic di-GMP phosphodiesterase PdeK
[14:04:59] Modify product: Uncharacterized protein HI_0933 => putative protein
[14:04:59] Modify product: Probable 4-deoxy-4-formamido-L-arabinose-phosphoundecaprenol deformylase ArnD => putative 4-deoxy-4-formamido-L-arabinose-phosphoundecaprenol deformylase ArnD
[14:04:59] Modify product: Probable 4-amino-4-deoxy-L-arabinose-phosphoundecaprenol flippase subunit ArnE => putative 4-amino-4-deoxy-L-arabinose-phosphoundecaprenol flippase subunit ArnE
[14:04:59] Modify product: Probable 4-amino-4-deoxy-L-arabinose-phosphoundecaprenol flippase subunit ArnF => putative 4-amino-4-deoxy-L-arabinose-phosphoundecaprenol flippase subunit ArnF
[14:04:59] Modify product: Uncharacterized MFS-type transporter YhhS => putative MFS-type transporter YhhS
[14:04:59] Modify product: Uncharacterized protein YhhA => putative protein YhhA
[14:04:59] Modify product: Uncharacterized oxidoreductase YhhX => putative oxidoreductase YhhX
[14:04:59] Modify product: Probable [Fe-S]-dependent transcriptional repressor => putative [Fe-S]-dependent transcriptional repressor
[14:04:59] Modify product: UPF0234 protein YajQ => hypothetical protein
[14:04:59] Modify product: Probable cadaverine/lysine antiporter => putative cadaverine/lysine antiporter
[14:04:59] Modify product: Probable amino-acid metabolite efflux pump => putative amino-acid metabolite efflux pump
[14:04:59] Modify product: UPF0056 inner membrane protein MarC => hypothetical protein
[14:04:59] Modify product: Uncharacterized isomerase YddE => putative isomerase YddE
[14:04:59] Modify product: Probable galactarate transporter => putative galactarate transporter
[14:04:59] Modify product: Uncharacterized MFS-type transporter YhhS => putative MFS-type transporter YhhS
[14:04:59] Modify product: Uncharacterized protein YycE => putative protein YycE
[14:04:59] Modify product: Probable fimbrial chaperone YraI => putative fimbrial chaperone YraI
[14:04:59] Modify product: Uncharacterized signaling protein CC_0091 => putative signaling protein
[14:04:59] Modify product: Probable 3-hydroxyisobutyrate dehydrogenase => putative 3-hydroxyisobutyrate dehydrogenase
[14:04:59] Modify product: Probable succinyl-diaminopimelate desuccinylase => putative succinyl-diaminopimelate desuccinylase
[14:04:59] Modify product: Probable allantoin permease => putative allantoin permease
[14:04:59] Modify product: Putative thiamine biosynthesis protein HI_0357 => Putative thiamine biosynthesis protein
[14:04:59] Modify product: UPF0702 transmembrane protein YetF => hypothetical protein
[14:04:59] Modify product: UPF0597 protein YhaM => hypothetical protein
[14:04:59] Modify product: UPF0337 protein YjbJ => hypothetical protein
[14:04:59] Modify product: Uncharacterized protein YjbR => putative protein YjbR
[14:04:59] Modify product: Probable cyclic di-GMP phosphodiesterase PdeC => putative cyclic di-GMP phosphodiesterase PdeC
[14:04:59] Modify product: Uncharacterized fimbrial-like protein YcbV => putative fimbrial-like protein YcbV
[14:04:59] Modify product: Probable fimbrial chaperone LpfB => putative fimbrial chaperone LpfB
[14:04:59] Modify product: Probable transcriptional regulator PhnF => putative transcriptional regulator PhnF
[14:04:59] Modify product: UPF0401 protein YkfF => hypothetical protein
[14:04:59] Modify product: Bifunctional protein FolD => Bifunctional protein FolD protein
[14:04:59] Modify product: Uncharacterized protein YbcJ => putative protein YbcJ
[14:04:59] Modify product: Uncharacterized ABC transporter ATP-binding protein Rv0986 => putative ABC transporter ATP-binding protein
[14:04:59] Modify product: Probable iron export permease protein FetB => putative iron export permease protein FetB
[14:04:59] Modify product: Probable iron export ATP-binding protein FetA => putative iron export ATP-binding protein FetA
[14:04:59] Modify product: Probable cyclic di-GMP phosphodiesterase PdeB => putative cyclic di-GMP phosphodiesterase PdeB
[14:04:59] Modify product: Probable cyclic di-GMP phosphodiesterase PdeB => putative cyclic di-GMP phosphodiesterase PdeB
[14:04:59] Modify product: Uncharacterized lipoprotein YbaY => putative lipoprotein YbaY
[14:04:59] Modify product: Probable multidrug resistance ABC transporter ATP-binding/permease protein YheI => putative multidrug resistance ABC transporter ATP-binding/permease protein YheI
[14:04:59] Modify product: Uncharacterized protein HI_1008 => putative protein
[14:04:59] Modify product: Uncharacterized lipoprotein YbjP => putative lipoprotein YbjP
[14:04:59] Modify product: Uncharacterized protein YbjN => putative protein YbjN
[14:04:59] Modify product: Uncharacterized protein YbiU => putative protein YbiU
[14:04:59] Modify product: Uncharacterized ABC transporter ATP-binding protein YbiT => putative ABC transporter ATP-binding protein YbiT
[14:04:59] Modify product: Probable L,D-transpeptidase YbiS => putative L,D-transpeptidase YbiS
[14:04:59] Modify product: Uncharacterized protein McbA => putative protein McbA
[14:04:59] Modify product: Uncharacterized protein YbiI => putative protein YbiI
[14:04:59] Modify product: Uncharacterized protein YbiB => putative protein YbiB
[14:04:59] Modify product: Probable glucarate transporter => putative glucarate transporter
[14:04:59] Modify product: UPF0194 membrane protein YbhG => hypothetical protein
[14:04:59] Modify product: Probable multidrug ABC transporter ATP-binding protein YbhF => putative multidrug ABC transporter ATP-binding protein YbhF
[14:04:59] Modify product: Probable multidrug ABC transporter permease YbhS => putative multidrug ABC transporter permease YbhS
[14:04:59] Modify product: Probable multidrug ABC transporter permease YbhR => putative multidrug ABC transporter permease YbhR
[14:04:59] Modify product: UPF0098 protein YbhB => hypothetical protein
[14:04:59] Modify product: Probable cation-transporting ATPase F => putative cation-transporting ATPase F
[14:04:59] Modify product: Probable two-component-system connector protein YcgZ => putative two-component-system connector protein YcgZ
[14:04:59] Modify product: Probable two-component-system connector protein AriR => putative two-component-system connector protein AriR
[14:04:59] Modify product: Probable quorum-quenching lactonase YtnP => putative quorum-quenching lactonase YtnP
[14:04:59] Modify product: Probable D-methionine-binding lipoprotein MetQ => putative D-methionine-binding lipoprotein MetQ
[14:04:59] Modify product: Uncharacterized oxidoreductase YdgJ => putative oxidoreductase YdgJ
[14:04:59] Modify product: Uncharacterized oxidoreductase YghA => putative oxidoreductase YghA
[14:04:59] Modify product: Uncharacterized ABC transporter ATP-binding protein YheS => putative ABC transporter ATP-binding protein YheS
[14:04:59] Modify product: Probable D,D-dipeptide transport system permease protein DdpC => putative D,D-dipeptide transport system permease protein DdpC
[14:04:59] Modify product: Probable nitrate reductase molybdenum cofactor assembly chaperone NarW => putative nitrate reductase molybdenum cofactor assembly chaperone NarW
[14:04:59] Modify product: Uncharacterized lipoprotein YgdR => putative lipoprotein YgdR
[14:04:59] Modify product: Uncharacterized protein YncE => putative protein YncE
[14:04:59] Modify product: UPF0381 protein YiiS => hypothetical protein
[14:04:59] Modify product: Uncharacterized protein YdcY => putative protein YdcY
[14:04:59] Modify product: 23S rRNA 5-hydroxycytidine C2501 synthase => 23S rRNA 5-hydroxycytidine synthase
[14:04:59] Modify product: Uncharacterized protein Rv3292 => putative protein
[14:04:59] Modify product: Probable transporter SCO4007 => putative transporter
[14:04:59] Modify product: Uncharacterized oxidoreductase YdgJ => putative oxidoreductase YdgJ
[14:04:59] Modify product: Uncharacterized HTH-type transcriptional regulator YahB => putative HTH-type transcriptional regulator YahB
[14:04:59] Modify product: Probable D,D-dipeptide transport ATP-binding protein DdpD => putative D,D-dipeptide transport ATP-binding protein DdpD
[14:04:59] Modify product: Stress response UPF0229 protein YhbH => hypothetical protein
[14:04:59] Modify product: Uncharacterized membrane protein YoaK => putative membrane protein YoaK
[14:04:59] Modify product: Probable zinc-binding alcohol dehydrogenase Rv1895 => putative zinc-binding alcohol dehydrogenase
[14:05:00] Modify product: Uncharacterized methyltransferase YcgJ => putative methyltransferase YcgJ
[14:05:00] Modify product: Uncharacterized protein Rv2277c => putative protein
[14:05:00] Modify product: Uncharacterized N-acetyltransferase YafP => putative N-acetyltransferase YafP
[14:05:00] Modify product: UPF0255 protein VV1_0328 => hypothetical protein
[14:05:00] Modify product: Uncharacterized protein YjhP => putative protein YjhP
[14:05:00] Modify product: Probable phosphatase Rv3661 => putative phosphatase
[14:05:00] Modify product: Probable cyclic di-GMP phosphodiesterase PdeG => putative cyclic di-GMP phosphodiesterase PdeG
[14:05:00] Modify product: Probable cyclic di-GMP phosphodiesterase PdeB => putative cyclic di-GMP phosphodiesterase PdeB
[14:05:00] Modify product: Probable succinyl-CoA:3-ketoacid coenzyme A transferase subunit A => putative succinyl-CoA:3-ketoacid coenzyme A transferase subunit A
[14:05:00] Modify product: Probable succinyl-CoA:3-ketoacid coenzyme A transferase subunit B => putative succinyl-CoA:3-ketoacid coenzyme A transferase subunit B
[14:05:00] Modify product: Probable siderophore transport system permease protein YfhA => putative siderophore transport system permease protein YfhA
[14:05:00] Modify product: Probable siderophore transport system ATP-binding protein YusV => putative siderophore transport system ATP-binding protein YusV
[14:05:00] Modify product: Uncharacterized protein HI_1472 => putative protein
[14:05:00] Modify product: Probable ABC transporter permease protein HI_1471 => putative ABC transporter permease protein
[14:05:00] Modify product: Uncharacterized ABC transporter ATP-binding protein HI_1470 => putative ABC transporter ATP-binding protein
[14:05:00] Modify product: Probable L,D-transpeptidase YnhG => putative L,D-transpeptidase YnhG
[14:05:00] Modify product: Probable ATP-dependent transporter SufC => putative ATP-dependent transporter SufC
[14:05:00] Modify product: Uncharacterized protein HI_1163 => putative protein
[14:05:00] Modify product: Probable ketoamine kinase HMPREF0351_12196 => putative ketoamine kinase
[14:05:00] Modify product: UPF0263 protein YciU => hypothetical protein
[14:05:00] Modify product: UPF0056 inner membrane protein MarC => hypothetical protein
[14:05:00] Modify product: Uncharacterized NTE family protein Rv1063c => putative NTE family protein
[14:05:00] Modify product: UPF0225 protein YchJ => hypothetical protein
[14:05:00] Cleaned 326 /product names
[14:05:00] Deleting unwanted file: prokkaannotation/microbe.sprot.tmp.16720.faa
[14:05:00] Deleting unwanted file: prokkaannotation/microbe.sprot.tmp.16720.blast
[14:05:00] There are still 1464 unannotated CDS left (started with 5188)
[14:05:00] Will use hmmer3 to search against /home/janellemande/miniforge-pypy3/envs/genomeassembly/db/hmm/HAMAP.hmm with 8 CPUs
[14:05:00] Running: cat prokkaannotation\/microbe\.HAMAP\.hmm\.tmp\.16720\.faa | parallel --gnu --plain -j 8 --block 23170 --recstart '>' --pipe hmmscan --noali --notextw --acc -E 1e-09 --cpu 1 /home/janellemande/miniforge-pypy3/envs/genomeassembly/db/hmm/HAMAP.hmm /dev/stdin > prokkaannotation\/microbe\.HAMAP\.hmm\.tmp\.16720\.hmmer3 2> /dev/null
[14:05:20] Modify product: Uncharacterized MFS-type transporter YfcJ => putative MFS-type transporter YfcJ
[14:05:20] Modify product: Uncharacterized Nudix hydrolase NudL => putative Nudix hydrolase NudL
[14:05:20] Modify product: Uncharacterized MFS-type transporter YcaD => putative MFS-type transporter YcaD
[14:05:20] Cleaned 3 /product names
[14:05:20] Deleting unwanted file: prokkaannotation/microbe.HAMAP.hmm.tmp.16720.faa
[14:05:20] Deleting unwanted file: prokkaannotation/microbe.HAMAP.hmm.tmp.16720.hmmer3
[14:05:20] Labelling remaining 1314 proteins as 'hypothetical protein'
[14:05:20] Possible /pseudo 'UDP-N-acetylmuramate--L-alanyl-gamma-D-glutamyl-meso-2,6-diaminoheptandioate ligase' at 2162 position 121205
[14:05:20] Possible /pseudo 'IS3 family transposase ISYpe1' at 2181 position 735
[14:05:20] Possible /pseudo 'IS3 family transposase IS1400' at 2181 position 7499
[14:05:20] Possible /pseudo 'Manganese transport system membrane protein MntB' at 2194 position 156565
[14:05:20] Possible /pseudo 'PEP-dependent dihydroxyacetone kinase, phosphoryl donor subunit DhaM' at 2195 position 23294
[14:05:20] Possible /pseudo 'K(+)/H(+) antiporter NhaP2' at 2197 position 128435
[14:05:20] Possible /pseudo 'putative protein' at 2197 position 137471
[14:05:20] Possible /pseudo 'putative protein' at 2197 position 138397
[14:05:20] Possible /pseudo 'Penicillin-binding protein 1C' at 2199 position 323549
[14:05:20] Possible /pseudo 'Peptidyl-prolyl cis-trans isomerase C' at 2211 position 74164
[14:05:20] Possible /pseudo 'Formate dehydrogenase-O major subunit' at 2214 position 67226
[14:05:20] Possible /pseudo 'Bifunctional protein TrpGD' at 2216 position 54772
[14:05:20] Possible /pseudo 'Malonyl CoA-acyl carrier protein transacylase' at 2226 position 39018
[14:05:20] Possible /pseudo 'ISKra4 family transposase ISCep1' at 2227 position 73036
[14:05:20] Possible /pseudo 'Homoprotocatechuate catabolism bifunctional isomerase/decarboxylase' at 2230 position 12768
[14:05:20] Possible /pseudo 'IS3 family transposase ISEc15' at 2234 position 17162
[14:05:20] Possible /pseudo 'Formate dehydrogenase H' at 2239 position 96503
[14:05:20] Possible /pseudo 'putative cyclic di-GMP phosphodiesterase PdeB' at 2244 position 108334
[14:05:20] Possible /pseudo 'High-affinity branched-chain amino acid transport ATP-binding protein LivF' at 2246 position 30418
[14:05:20] Possible /pseudo 'HTH-type transcriptional regulator DmlR' at 2246 position 160016
[14:05:20] Possible /pseudo 'Catalase-peroxidase' at 2246 position 243382
[14:05:20] Possible /pseudo 'Formate dehydrogenase, nitrate-inducible, major subunit' at 2246 position 297445
[14:05:20] Found 2981 unique /gene codes.
[14:05:20] Fixed 4 duplicate /gene - gstB_1 gstB_2 gstB_3 gstB_4
[14:05:20] Fixed 2 duplicate /gene - astC_1 astC_2
[14:05:20] Fixed 2 duplicate /gene - ppiC_1 ppiC_2
[14:05:20] Fixed 9 duplicate /gene - rbsC_1 rbsC_2 rbsC_3 rbsC_4 rbsC_5 rbsC_6 rbsC_7 rbsC_8 rbsC_9
[14:05:20] Fixed 2 duplicate /gene - surE_1 surE_2
[14:05:20] Fixed 2 duplicate /gene - fdnG_1 fdnG_2
[14:05:20] Fixed 5 duplicate /gene - iolG_1 iolG_2 iolG_3 iolG_4 iolG_5
[14:05:20] Fixed 4 duplicate /gene - iolE_1 iolE_2 iolE_3 iolE_4
[14:05:20] Fixed 2 duplicate /gene - ydgJ_1 ydgJ_2
[14:05:20] Fixed 2 duplicate /gene - tam_1 tam_2
[14:05:20] Fixed 2 duplicate /gene - hdeB_1 hdeB_2
[14:05:20] Fixed 2 duplicate /gene - leuE_1 leuE_2
[14:05:20] Fixed 2 duplicate /gene - abaF_1 abaF_2
[14:05:20] Fixed 2 duplicate /gene - aspT_1 aspT_2
[14:05:20] Fixed 2 duplicate /gene - mrdA_1 mrdA_2
[14:05:20] Fixed 3 duplicate /gene - fruA_1 fruA_2 fruA_3
[14:05:20] Fixed 2 duplicate /gene - eutB_1 eutB_2
[14:05:20] Fixed 3 duplicate /gene - lsrD_1 lsrD_2 lsrD_3
[14:05:20] Fixed 2 duplicate /gene - trpGD_1 trpGD_2
[14:05:20] Fixed 2 duplicate /gene - rhtB_1 rhtB_2
[14:05:20] Fixed 2 duplicate /gene - metR_1 metR_2
[14:05:20] Fixed 11 duplicate /gene - fabG_1 fabG_2 fabG_3 fabG_4 fabG_5 fabG_6 fabG_7 fabG_8 fabG_9 fabG_10 fabG_11
[14:05:20] Fixed 2 duplicate /gene - rutC_1 rutC_2
[14:05:20] Fixed 2 duplicate /gene - frmR_1 frmR_2
[14:05:20] Fixed 6 duplicate /gene - cynR_1 cynR_2 cynR_3 cynR_4 cynR_5 cynR_6
[14:05:20] Fixed 3 duplicate /gene - yraI_1 yraI_2 yraI_3
[14:05:20] Fixed 2 duplicate /gene - namA_1 namA_2
[14:05:20] Fixed 2 duplicate /gene - sorC_1 sorC_2
[14:05:20] Fixed 2 duplicate /gene - ydfG_1 ydfG_2
[14:05:20] Fixed 2 duplicate /gene - hisQ_1 hisQ_2
[14:05:20] Fixed 3 duplicate /gene - rob_1 rob_2 rob_3
[14:05:20] Fixed 2 duplicate /gene - dgoK1_1 dgoK1_2
[14:05:20] Fixed 2 duplicate /gene - ycaD_1 ycaD_2
[14:05:20] Fixed 2 duplicate /gene - artJ_1 artJ_2
[14:05:20] Fixed 3 duplicate /gene - ompR_1 ompR_2 ompR_3
[14:05:20] Fixed 5 duplicate /gene - mntB_1 mntB_2 mntB_3 mntB_4 mntB_5
[14:05:20] Fixed 3 duplicate /gene - emrA_1 emrA_2 emrA_3
[14:05:20] Fixed 2 duplicate /gene - glmS_1 glmS_2
[14:05:20] Fixed 2 duplicate /gene - ftsA_1 ftsA_2
[14:05:20] Fixed 3 duplicate /gene - ssuB_1 ssuB_2 ssuB_3
[14:05:20] Fixed 2 duplicate /gene - cra_1 cra_2
[14:05:20] Fixed 2 duplicate /gene - thpA_1 thpA_2
[14:05:20] Fixed 3 duplicate /gene - gabR_1 gabR_2 gabR_3
[14:05:20] Fixed 2 duplicate /gene - ctpF_1 ctpF_2
[14:05:20] Fixed 2 duplicate /gene - nudK_1 nudK_2
[14:05:20] Fixed 4 duplicate /gene - dinI_1 dinI_2 dinI_3 dinI_4
[14:05:20] Fixed 5 duplicate /gene - rcsC_1 rcsC_2 rcsC_3 rcsC_4 rcsC_5
[14:05:20] Fixed 2 duplicate /gene - xerD_1 xerD_2
[14:05:20] Fixed 2 duplicate /gene - pckA_1 pckA_2
[14:05:20] Fixed 2 duplicate /gene - catM_1 catM_2
[14:05:20] Fixed 2 duplicate /gene - rppH_1 rppH_2
[14:05:20] Fixed 2 duplicate /gene - pduA_1 pduA_2
[14:05:20] Fixed 2 duplicate /gene - gntR_1 gntR_2
[14:05:20] Fixed 2 duplicate /gene - ybdG_1 ybdG_2
[14:05:20] Fixed 2 duplicate /gene - pdxA2_1 pdxA2_2
[14:05:20] Fixed 2 duplicate /gene - srlR_1 srlR_2
[14:05:20] Fixed 2 duplicate /gene - ubiJ_1 ubiJ_2
[14:05:20] Fixed 2 duplicate /gene - yrdA_1 yrdA_2
[14:05:20] Fixed 2 duplicate /gene - yofA_1 yofA_2
[14:05:20] Fixed 2 duplicate /gene - bglF_1 bglF_2
[14:05:20] Fixed 2 duplicate /gene - murQ_1 murQ_2
[14:05:20] Fixed 2 duplicate /gene - recF_1 recF_2
[14:05:20] Fixed 2 duplicate /gene - sad_1 sad_2
[14:05:20] Fixed 2 duplicate /gene - trxA_1 trxA_2
[14:05:20] Fixed 2 duplicate /gene - phoP_1 phoP_2
[14:05:20] Fixed 2 duplicate /gene - cpdA_1 cpdA_2
[14:05:20] Fixed 2 duplicate /gene - srlB_1 srlB_2
[14:05:20] Fixed 2 duplicate /gene - ribZ_1 ribZ_2
[14:05:20] Fixed 2 duplicate /gene - hisC_1 hisC_2
[14:05:20] Fixed 3 duplicate /gene - ulaA_1 ulaA_2 ulaA_3
[14:05:20] Fixed 3 duplicate /gene - btuF_1 btuF_2 btuF_3
[14:05:20] Fixed 2 duplicate /gene - pyrG_1 pyrG_2
[14:05:20] Fixed 2 duplicate /gene - citG_1 citG_2
[14:05:20] Fixed 2 duplicate /gene - kefF_1 kefF_2
[14:05:20] Fixed 3 duplicate /gene - yecS_1 yecS_2 yecS_3
[14:05:20] Fixed 2 duplicate /gene - bluF_1 bluF_2
[14:05:20] Fixed 2 duplicate /gene - ppa_1 ppa_2
[14:05:20] Fixed 2 duplicate /gene - dmsA_1 dmsA_2
[14:05:20] Fixed 6 duplicate /gene - livF_1 livF_2 livF_3 livF_4 livF_5 livF_6
[14:05:20] Fixed 2 duplicate /gene - aroP_1 aroP_2
[14:05:20] Fixed 3 duplicate /gene - bglA_1 bglA_2 bglA_3
[14:05:20] Fixed 2 duplicate /gene - amiC_1 amiC_2
[14:05:20] Fixed 2 duplicate /gene - mdh_1 mdh_2
[14:05:20] Fixed 2 duplicate /gene - mrkD_1 mrkD_2
[14:05:20] Fixed 3 duplicate /gene - vldW_1 vldW_2 vldW_3
[14:05:20] Fixed 2 duplicate /gene - manP_1 manP_2
[14:05:20] Fixed 2 duplicate /gene - ddrA_1 ddrA_2
[14:05:20] Fixed 2 duplicate /gene - ilvI_1 ilvI_2
[14:05:20] Fixed 2 duplicate /gene - betB_1 betB_2
[14:05:20] Fixed 3 duplicate /gene - lysN_1 lysN_2 lysN_3
[14:05:20] Fixed 3 duplicate /gene - fimC_1 fimC_2 fimC_3
[14:05:20] Fixed 2 duplicate /gene - cdaR_1 cdaR_2
[14:05:20] Fixed 2 duplicate /gene - gltR_1 gltR_2
[14:05:20] Fixed 2 duplicate /gene - scmP_1 scmP_2
[14:05:20] Fixed 2 duplicate /gene - osmY_1 osmY_2
[14:05:20] Fixed 5 duplicate /gene - fliY_1 fliY_2 fliY_3 fliY_4 fliY_5
[14:05:20] Fixed 2 duplicate /gene - ftsI_1 ftsI_2
[14:05:20] Fixed 2 duplicate /gene - livJ_1 livJ_2
[14:05:20] Fixed 2 duplicate /gene - pbpC_1 pbpC_2
[14:05:20] Fixed 2 duplicate /gene - licH_1 licH_2
[14:05:20] Fixed 2 duplicate /gene - map_1 map_2
[14:05:20] Fixed 3 duplicate /gene - fabD_1 fabD_2 fabD_3
[14:05:20] Fixed 3 duplicate /gene - argP_1 argP_2 argP_3
[14:05:20] Fixed 5 duplicate /gene - nimR_1 nimR_2 nimR_3 nimR_4 nimR_5
[14:05:20] Fixed 2 duplicate /gene - glnP_1 glnP_2
[14:05:20] Fixed 3 duplicate /gene - yheS_1 yheS_2 yheS_3
[14:05:20] Fixed 2 duplicate /gene - kduD_1 kduD_2
[14:05:20] Fixed 2 duplicate /gene - apbE_1 apbE_2
[14:05:20] Fixed 2 duplicate /gene - dsdC_1 dsdC_2
[14:05:20] Fixed 2 duplicate /gene - glpE_1 glpE_2
[14:05:20] Fixed 2 duplicate /gene - dapE_1 dapE_2
[14:05:20] Fixed 2 duplicate /gene - vapC_1 vapC_2
[14:05:20] Fixed 2 duplicate /gene - manZ_1 manZ_2
[14:05:20] Fixed 2 duplicate /gene - ubiX_1 ubiX_2
[14:05:20] Fixed 3 duplicate /gene - dauA_1 dauA_2 dauA_3
[14:05:20] Fixed 3 duplicate /gene - yicJ_1 yicJ_2 yicJ_3
[14:05:20] Fixed 2 duplicate /gene - jefA_1 jefA_2
[14:05:20] Fixed 2 duplicate /gene - glcR_1 glcR_2
[14:05:20] Fixed 2 duplicate /gene - gsiD_1 gsiD_2
[14:05:20] Fixed 2 duplicate /gene - tyrB_1 tyrB_2
[14:05:20] Fixed 2 duplicate /gene - dnaC_1 dnaC_2
[14:05:20] Fixed 2 duplicate /gene - mpl_1 mpl_2
[14:05:20] Fixed 3 duplicate /gene - mglA_1 mglA_2 mglA_3
[14:05:20] Fixed 3 duplicate /gene - lldR_1 lldR_2 lldR_3
[14:05:20] Fixed 2 duplicate /gene - cytR_1 cytR_2
[14:05:20] Fixed 2 duplicate /gene - lpxL_1 lpxL_2
[14:05:20] Fixed 2 duplicate /gene - acsAB_1 acsAB_2
[14:05:20] Fixed 4 duplicate /gene - hexR_1 hexR_2 hexR_3 hexR_4
[14:05:20] Fixed 2 duplicate /gene - dctA_1 dctA_2
[14:05:20] Fixed 2 duplicate /gene - por_1 por_2
[14:05:20] Fixed 2 duplicate /gene - dmsC_1 dmsC_2
[14:05:20] Fixed 3 duplicate /gene - umuC_1 umuC_2 umuC_3
[14:05:20] Fixed 2 duplicate /gene - ridA_1 ridA_2
[14:05:20] Fixed 3 duplicate /gene - uspG_1 uspG_2 uspG_3
[14:05:20] Fixed 2 duplicate /gene - ybhF_1 ybhF_2
[14:05:20] Fixed 4 duplicate /gene - glpR_1 glpR_2 glpR_3 glpR_4
[14:05:20] Fixed 2 duplicate /gene - oppA_1 oppA_2
[14:05:20] Fixed 2 duplicate /gene - roxA_1 roxA_2
[14:05:20] Fixed 2 duplicate /gene - xylF_1 xylF_2
[14:05:20] Fixed 2 duplicate /gene - kdgK_1 kdgK_2
[14:05:20] Fixed 2 duplicate /gene - mepS_1 mepS_2
[14:05:20] Fixed 2 duplicate /gene - sgrR_1 sgrR_2
[14:05:20] Fixed 2 duplicate /gene - pat_1 pat_2
[14:05:20] Fixed 2 duplicate /gene - rlhA_1 rlhA_2
[14:05:20] Fixed 2 duplicate /gene - ulaC_1 ulaC_2
[14:05:20] Fixed 2 duplicate /gene - asd_1 asd_2
[14:05:20] Fixed 2 duplicate /gene - topA_1 topA_2
[14:05:20] Fixed 3 duplicate /gene - hin_1 hin_2 hin_3
[14:05:20] Fixed 2 duplicate /gene - hpcE_1 hpcE_2
[14:05:20] Fixed 2 duplicate /gene - dsbD_1 dsbD_2
[14:05:20] Fixed 2 duplicate /gene - nupC_1 nupC_2
[14:05:20] Fixed 2 duplicate /gene - epsE_1 epsE_2
[14:05:20] Fixed 2 duplicate /gene - zapE_1 zapE_2
[14:05:20] Fixed 2 duplicate /gene - dppA_1 dppA_2
[14:05:20] Fixed 3 duplicate /gene - pcaK_1 pcaK_2 pcaK_3
[14:05:20] Fixed 2 duplicate /gene - msiK_1 msiK_2
[14:05:20] Fixed 2 duplicate /gene - argD_1 argD_2
[14:05:20] Fixed 3 duplicate /gene - pcaR_1 pcaR_2 pcaR_3
[14:05:20] Fixed 2 duplicate /gene - artM_1 artM_2
[14:05:20] Fixed 2 duplicate /gene - bcsB_1 bcsB_2
[14:05:20] Fixed 5 duplicate /gene - oxyR_1 oxyR_2 oxyR_3 oxyR_4 oxyR_5
[14:05:20] Fixed 2 duplicate /gene - yncE_1 yncE_2
[14:05:20] Fixed 2 duplicate /gene - ugpB_1 ugpB_2
[14:05:20] Fixed 2 duplicate /gene - rapA_1 rapA_2
[14:05:20] Fixed 2 duplicate /gene - ybiI_1 ybiI_2
[14:05:20] Fixed 2 duplicate /gene - dhaK_1 dhaK_2
[14:05:20] Fixed 3 duplicate /gene - lon_1 lon_2 lon_3
[14:05:20] Fixed 3 duplicate /gene - csbX_1 csbX_2 csbX_3
[14:05:20] Fixed 2 duplicate /gene - gabD_1 gabD_2
[14:05:20] Fixed 2 duplicate /gene - aaeB_1 aaeB_2
[14:05:20] Fixed 2 duplicate /gene - uxuA_1 uxuA_2
[14:05:20] Fixed 4 duplicate /gene - dam_1 dam_2 dam_3 dam_4
[14:05:20] Fixed 2 duplicate /gene - kdgR_1 kdgR_2
[14:05:20] Fixed 4 duplicate /gene - exuT_1 exuT_2 exuT_3 exuT_4
[14:05:20] Fixed 2 duplicate /gene - cutC_1 cutC_2
[14:05:20] Fixed 3 duplicate /gene - glnH_1 glnH_2 glnH_3
[14:05:20] Fixed 2 duplicate /gene - dnaA_1 dnaA_2
[14:05:20] Fixed 2 duplicate /gene - malT_1 malT_2
[14:05:20] Fixed 2 duplicate /gene - mdtH_1 mdtH_2
[14:05:20] Fixed 2 duplicate /gene - acrF_1 acrF_2
[14:05:20] Fixed 2 duplicate /gene - cvrA_1 cvrA_2
[14:05:20] Fixed 2 duplicate /gene - dgoA_1 dgoA_2
[14:05:20] Fixed 3 duplicate /gene - dgoT_1 dgoT_2 dgoT_3
[14:05:20] Fixed 3 duplicate /gene - sotB_1 sotB_2 sotB_3
[14:05:20] Fixed 2 duplicate /gene - yafP_1 yafP_2
[14:05:20] Fixed 2 duplicate /gene - astA_1 astA_2
[14:05:20] Fixed 2 duplicate /gene - cobD_1 cobD_2
[14:05:20] Fixed 3 duplicate /gene - lptB_1 lptB_2 lptB_3
[14:05:20] Fixed 2 duplicate /gene - malI_1 malI_2
[14:05:20] Fixed 5 duplicate /gene - rbsA_1 rbsA_2 rbsA_3 rbsA_4 rbsA_5
[14:05:20] Fixed 2 duplicate /gene - rbn_1 rbn_2
[14:05:20] Fixed 2 duplicate /gene - aptB_1 aptB_2
[14:05:20] Fixed 2 duplicate /gene - dadA_1 dadA_2
[14:05:20] Fixed 2 duplicate /gene - fusA_1 fusA_2
[14:05:20] Fixed 2 duplicate /gene - iolU_1 iolU_2
[14:05:20] Fixed 4 duplicate /gene - hipO_1 hipO_2 hipO_3 hipO_4
[14:05:20] Fixed 2 duplicate /gene - elfD_1 elfD_2
[14:05:20] Fixed 2 duplicate /gene - yeaX_1 yeaX_2
[14:05:20] Fixed 2 duplicate /gene - rssB_1 rssB_2
[14:05:20] Fixed 3 duplicate /gene - hmuU_1 hmuU_2 hmuU_3
[14:05:20] Fixed 2 duplicate /gene - fimF_1 fimF_2
[14:05:20] Fixed 2 duplicate /gene - fepD_1 fepD_2
[14:05:20] Fixed 3 duplicate /gene - slyA_1 slyA_2 slyA_3
[14:05:20] Fixed 2 duplicate /gene - lldD_1 lldD_2
[14:05:20] Fixed 2 duplicate /gene - intS_1 intS_2
[14:05:20] Fixed 2 duplicate /gene - ydiB_1 ydiB_2
[14:05:20] Fixed 2 duplicate /gene - zntB_1 zntB_2
[14:05:20] Fixed 2 duplicate /gene - araB_1 araB_2
[14:05:20] Fixed 2 duplicate /gene - blc_1 blc_2
[14:05:20] Fixed 2 duplicate /gene - artQ_1 artQ_2
[14:05:20] Fixed 2 duplicate /gene - ada_1 ada_2
[14:05:20] Fixed 2 duplicate /gene - hisJ_1 hisJ_2
[14:05:20] Fixed 2 duplicate /gene - yadV_1 yadV_2
[14:05:20] Fixed 2 duplicate /gene - lacI_1 lacI_2
[14:05:20] Fixed 2 duplicate /gene - ydhP_1 ydhP_2
[14:05:20] Fixed 2 duplicate /gene - codA_1 codA_2
[14:05:20] Fixed 3 duplicate /gene - cydA_1 cydA_2 cydA_3
[14:05:20] Fixed 2 duplicate /gene - lpdC_1 lpdC_2
[14:05:20] Fixed 2 duplicate /gene - sbnD_1 sbnD_2
[14:05:20] Fixed 4 duplicate /gene - potA_1 potA_2 potA_3 potA_4
[14:05:20] Fixed 2 duplicate /gene - ygiW_1 ygiW_2
[14:05:20] Fixed 2 duplicate /gene - klcA_1 klcA_2
[14:05:20] Fixed 2 duplicate /gene - kefC_1 kefC_2
[14:05:20] Fixed 2 duplicate /gene - mak_1 mak_2
[14:05:20] Fixed 2 duplicate /gene - yhhT_1 yhhT_2
[14:05:20] Fixed 2 duplicate /gene - aroE_1 aroE_2
[14:05:20] Fixed 2 duplicate /gene - folP_1 folP_2
[14:05:20] Fixed 2 duplicate /gene - oppF_1 oppF_2
[14:05:20] Fixed 3 duplicate /gene - lsrB_1 lsrB_2 lsrB_3
[14:05:20] Fixed 2 duplicate /gene - bcr_1 bcr_2
[14:05:20] Fixed 2 duplicate /gene - ybdO_1 ybdO_2
[14:05:20] Fixed 2 duplicate /gene - xylA_1 xylA_2
[14:05:20] Fixed 2 duplicate /gene - mqo_1 mqo_2
[14:05:20] Fixed 2 duplicate /gene - proA_1 proA_2
[14:05:20] Fixed 3 duplicate /gene - menH_1 menH_2 menH_3
[14:05:20] Fixed 3 duplicate /gene - nepI_1 nepI_2 nepI_3
[14:05:20] Fixed 3 duplicate /gene - ydfK_1 ydfK_2 ydfK_3
[14:05:20] Fixed 2 duplicate /gene - puuB_1 puuB_2
[14:05:20] Fixed 3 duplicate /gene - rbsB_1 rbsB_2 rbsB_3
[14:05:20] Fixed 2 duplicate /gene - acrB_1 acrB_2
[14:05:20] Fixed 3 duplicate /gene - sasA_1 sasA_2 sasA_3
[14:05:20] Fixed 2 duplicate /gene - mshA_1 mshA_2
[14:05:20] Fixed 2 duplicate /gene - ahpC_1 ahpC_2
[14:05:20] Fixed 4 duplicate /gene - metQ_1 metQ_2 metQ_3 metQ_4
[14:05:20] Fixed 3 duplicate /gene - cmpR_1 cmpR_2 cmpR_3
[14:05:20] Fixed 2 duplicate /gene - trmL_1 trmL_2
[14:05:20] Fixed 2 duplicate /gene - astB_1 astB_2
[14:05:20] Fixed 2 duplicate /gene - sutR_1 sutR_2
[14:05:20] Fixed 3 duplicate /gene - livH_1 livH_2 livH_3
[14:05:20] Fixed 6 duplicate /gene - rhaR_1 rhaR_2 rhaR_3 rhaR_4 rhaR_5 rhaR_6
[14:05:20] Fixed 2 duplicate /gene - yhhS_1 yhhS_2
[14:05:20] Fixed 2 duplicate /gene - hxpB_1 hxpB_2
[14:05:20] Fixed 2 duplicate /gene - xanP_1 xanP_2
[14:05:20] Fixed 2 duplicate /gene - gpFI_1 gpFI_2
[14:05:20] Fixed 2 duplicate /gene - msuD_1 msuD_2
[14:05:20] Fixed 2 duplicate /gene - proP_1 proP_2
[14:05:20] Fixed 3 duplicate /gene - purR_1 purR_2 purR_3
[14:05:20] Fixed 2 duplicate /gene - eutC_1 eutC_2
[14:05:20] Fixed 2 duplicate /gene - shlB_1 shlB_2
[14:05:20] Fixed 3 duplicate /gene - benM_1 benM_2 benM_3
[14:05:20] Fixed 2 duplicate /gene - pduD_1 pduD_2
[14:05:20] Fixed 2 duplicate /gene - proY_1 proY_2
[14:05:20] Fixed 2 duplicate /gene - pcpR_1 pcpR_2
[14:05:20] Fixed 2 duplicate /gene - adhE_1 adhE_2
[14:05:20] Fixed 3 duplicate /gene - hcpA_1 hcpA_2 hcpA_3
[14:05:20] Fixed 2 duplicate /gene - ftsH_1 ftsH_2
[14:05:20] Fixed 6 duplicate /gene - btuD_1 btuD_2 btuD_3 btuD_4 btuD_5 btuD_6
[14:05:20] Fixed 3 duplicate /gene - soxS_1 soxS_2 soxS_3
[14:05:20] Fixed 2 duplicate /gene - rutB_1 rutB_2
[14:05:20] Fixed 3 duplicate /gene - intA_1 intA_2 intA_3
[14:05:20] Fixed 3 duplicate /gene - rhtC_1 rhtC_2 rhtC_3
[14:05:20] Fixed 2 duplicate /gene - aptA_1 aptA_2
[14:05:20] Fixed 2 duplicate /gene - nagC_1 nagC_2
[14:05:20] Fixed 2 duplicate /gene - adh_1 adh_2
[14:05:20] Fixed 3 duplicate /gene - pdeG_1 pdeG_2 pdeG_3
[14:05:20] Fixed 2 duplicate /gene - murR_1 murR_2
[14:05:20] Fixed 5 duplicate /gene - gltC_1 gltC_2 gltC_3 gltC_4 gltC_5
[14:05:20] Fixed 7 duplicate /gene - glnQ_1 glnQ_2 glnQ_3 glnQ_4 glnQ_5 glnQ_6 glnQ_7
[14:05:20] Fixed 2 duplicate /gene - rsxC_1 rsxC_2
[14:05:20] Fixed 2 duplicate /gene - pgl_1 pgl_2
[14:05:20] Fixed 2 duplicate /gene - yibH_1 yibH_2
[14:05:20] Fixed 3 duplicate /gene - pncC_1 pncC_2 pncC_3
[14:05:20] Fixed 2 duplicate /gene - ssuC_1 ssuC_2
[14:05:20] Fixed 2 duplicate /gene - cobC_1 cobC_2
[14:05:20] Fixed 2 duplicate /gene - malK_1 malK_2
[14:05:20] Fixed 3 duplicate /gene - dapA_1 dapA_2 dapA_3
[14:05:20] Fixed 2 duplicate /gene - lyx_1 lyx_2
[14:05:20] Fixed 2 duplicate /gene - glpT_1 glpT_2
[14:05:20] Fixed 3 duplicate /gene - xylB_1 xylB_2 xylB_3
[14:05:20] Fixed 2 duplicate /gene - dnaK_1 dnaK_2
[14:05:20] Fixed 2 duplicate /gene - carA_1 carA_2
[14:05:20] Fixed 2 duplicate /gene - nfdA_1 nfdA_2
[14:05:20] Fixed 3 duplicate /gene - cydB_1 cydB_2 cydB_3
[14:05:20] Fixed 2 duplicate /gene - lexA_1 lexA_2
[14:05:20] Fixed 2 duplicate /gene - fabF_1 fabF_2
[14:05:20] Fixed 2 duplicate /gene - ybhR_1 ybhR_2
[14:05:20] Fixed 2 duplicate /gene - gsiA_1 gsiA_2
[14:05:20] Fixed 12 duplicate /gene - rhaS_1 rhaS_2 rhaS_3 rhaS_4 rhaS_5 rhaS_6 rhaS_7 rhaS_8 rhaS_9 rhaS_10 rhaS_11 rhaS_12
[14:05:20] Fixed 2 duplicate /gene - glpF_1 glpF_2
[14:05:20] Fixed 2 duplicate /gene - tenA_1 tenA_2
[14:05:20] Fixed 4 duplicate /gene - rbsK_1 rbsK_2 rbsK_3 rbsK_4
[14:05:20] Fixed 2 duplicate /gene - pdeH_1 pdeH_2
[14:05:20] Fixed 2 duplicate /gene - fhuA_1 fhuA_2
[14:05:20] Fixed 2 duplicate /gene - gdhA_1 gdhA_2
[14:05:20] Fixed 2 duplicate /gene - bepA_1 bepA_2
[14:05:20] Fixed 2 duplicate /gene - lsrF_1 lsrF_2
[14:05:20] Fixed 2 duplicate /gene - nodD2_1 nodD2_2
[14:05:20] Fixed 5 duplicate /gene - ttuB_1 ttuB_2 ttuB_3 ttuB_4 ttuB_5
[14:05:20] Fixed 2 duplicate /gene - lacZ_1 lacZ_2
[14:05:20] Fixed 2 duplicate /gene - dppB_1 dppB_2
[14:05:20] Fixed 6 duplicate /gene - malP_1 malP_2 malP_3 malP_4 malP_5 malP_6
[14:05:20] Fixed 3 duplicate /gene - oprM_1 oprM_2 oprM_3
[14:05:20] Fixed 2 duplicate /gene - ftnA_1 ftnA_2
[14:05:20] Fixed 2 duplicate /gene - guaD_1 guaD_2
[14:05:20] Fixed 3 duplicate /gene - metN_1 metN_2 metN_3
[14:05:20] Fixed 2 duplicate /gene - bhsA_1 bhsA_2
[14:05:20] Fixed 2 duplicate /gene - leuA_1 leuA_2
[14:05:20] Fixed 4 duplicate /gene - lamB_1 lamB_2 lamB_3 lamB_4
[14:05:20] Fixed 5 duplicate /gene - chbA_1 chbA_2 chbA_3 chbA_4 chbA_5
[14:05:20] Fixed 2 duplicate /gene - cutD_1 cutD_2
[14:05:20] Fixed 3 duplicate /gene - yhaJ_1 yhaJ_2 yhaJ_3
[14:05:20] Fixed 2 duplicate /gene - yeaR_1 yeaR_2
[14:05:20] Fixed 3 duplicate /gene - norR_1 norR_2 norR_3
[14:05:20] Fixed 2 duplicate /gene - galR_1 galR_2
[14:05:20] Fixed 2 duplicate /gene - ompN_1 ompN_2
[14:05:20] Fixed 2 duplicate /gene - ugpA_1 ugpA_2
[14:05:20] Fixed 3 duplicate /gene - metC_1 metC_2 metC_3
[14:05:20] Fixed 2 duplicate /gene - azoR_1 azoR_2
[14:05:20] Fixed 3 duplicate /gene - umuD_1 umuD_2 umuD_3
[14:05:20] Fixed 3 duplicate /gene - iprA_1 iprA_2 iprA_3
[14:05:20] Fixed 2 duplicate /gene - yagG_1 yagG_2
[14:05:20] Fixed 5 duplicate /gene - hdfR_1 hdfR_2 hdfR_3 hdfR_4 hdfR_5
[14:05:20] Fixed 2 duplicate /gene - pduE_1 pduE_2
[14:05:20] Fixed 2 duplicate /gene - mdtM_1 mdtM_2
[14:05:20] Fixed 2 duplicate /gene - rafB_1 rafB_2
[14:05:20] Fixed 2 duplicate /gene - clcB_1 clcB_2
[14:05:20] Fixed 6 duplicate /gene - gcvA_1 gcvA_2 gcvA_3 gcvA_4 gcvA_5 gcvA_6
[14:05:20] Fixed 3 duplicate /gene - rbsR_1 rbsR_2 rbsR_3
[14:05:20] Fixed 9 duplicate /gene - pgrR_1 pgrR_2 pgrR_3 pgrR_4 pgrR_5 pgrR_6 pgrR_7 pgrR_8 pgrR_9
[14:05:20] Fixed 2 duplicate /gene - aaeA_1 aaeA_2
[14:05:20] Fixed 2 duplicate /gene - acrR_1 acrR_2
[14:05:20] Fixed 2 duplicate /gene - bglH_1 bglH_2
[14:05:20] Fixed 2 duplicate /gene - bdcA_1 bdcA_2
[14:05:20] Fixed 2 duplicate /gene - ygaZ_1 ygaZ_2
[14:05:20] Fixed 2 duplicate /gene - norG_1 norG_2
[14:05:20] Fixed 2 duplicate /gene - cysG_1 cysG_2
[14:05:20] Fixed 2 duplicate /gene - fdoG_1 fdoG_2
[14:05:20] Fixed 20 duplicate /gene - dmlR_1 dmlR_2 dmlR_3 dmlR_4 dmlR_5 dmlR_6 dmlR_7 dmlR_8 dmlR_9 dmlR_10 dmlR_11 dmlR_12 dmlR_13 dmlR_14 dmlR_15 dmlR_16 dmlR_17 dmlR_18 dmlR_19 dmlR_20
[14:05:20] Fixed 4 duplicate /gene - dmsB_1 dmsB_2 dmsB_3 dmsB_4
[14:05:20] Fixed 3 duplicate /gene - era_1 era_2 era_3
[14:05:20] Fixed 2 duplicate /gene - yfcJ_1 yfcJ_2
[14:05:20] Fixed 2 duplicate /gene - ulaB_1 ulaB_2
[14:05:20] Fixed 2 duplicate /gene - msbA_1 msbA_2
[14:05:20] Fixed 3 duplicate /gene - gsiC_1 gsiC_2 gsiC_3
[14:05:20] Fixed 2 duplicate /gene - gltJ_1 gltJ_2
[14:05:20] Fixed 3 duplicate /gene - scrY_1 scrY_2 scrY_3
[14:05:20] Fixed 4 duplicate /gene - mdtA_1 mdtA_2 mdtA_3 mdtA_4
[14:05:20] Fixed 2 duplicate /gene - bioD1_1 bioD1_2
[14:05:20] Fixed 2 duplicate /gene - tktA_1 tktA_2
[14:05:20] Fixed 2 duplicate /gene - fhuC_1 fhuC_2
[14:05:20] Fixed 2 duplicate /gene - nlpD_1 nlpD_2
[14:05:20] Fixed 2 duplicate /gene - hyfA_1 hyfA_2
[14:05:20] Fixed 2 duplicate /gene - tuf1_1 tuf1_2
[14:05:20] Fixed 2 duplicate /gene - ibpB_1 ibpB_2
[14:05:20] Fixed 4 duplicate /gene - ompA_1 ompA_2 ompA_3 ompA_4
[14:05:20] Fixed 3 duplicate /gene - thlA_1 thlA_2 thlA_3
[14:05:20] Fixed 2 duplicate /gene - norW_1 norW_2
[14:05:20] Fixed 7 duplicate /gene - licC_1 licC_2 licC_3 licC_4 licC_5 licC_6 licC_7
[14:05:20] Fixed 2 duplicate /gene - ccpA_1 ccpA_2
[14:05:20] Fixed 2 duplicate /gene - mngR_1 mngR_2
[14:05:20] Fixed 2 duplicate /gene - astE_1 astE_2
[14:05:20] Fixed 2 duplicate /gene - fimH_1 fimH_2
[14:05:20] Fixed 2 duplicate /gene - cusC_1 cusC_2
[14:05:20] Fixed 2 duplicate /gene - frcA_1 frcA_2
[14:05:20] Fixed 2 duplicate /gene - ribX_1 ribX_2
[14:05:20] Fixed 2 duplicate /gene - gmuD_1 gmuD_2
[14:05:20] Fixed 3 duplicate /gene - ascG_1 ascG_2 ascG_3
[14:05:20] Fixed 2 duplicate /gene - rluA_1 rluA_2
[14:05:20] Fixed 2 duplicate /gene - frmA_1 frmA_2
[14:05:20] Fixed 2 duplicate /gene - yabI_1 yabI_2
[14:05:20] Fixed 2 duplicate /gene - ddpC_1 ddpC_2
[14:05:20] Fixed 2 duplicate /gene - xylG_1 xylG_2
[14:05:20] Fixed 2 duplicate /gene - ugpC_1 ugpC_2
[14:05:20] Fixed 2 duplicate /gene - dppD_1 dppD_2
[14:05:20] Fixed 3 duplicate /gene - ydcV_1 ydcV_2 ydcV_3
[14:05:20] Fixed 4 duplicate /gene - ygdR_1 ygdR_2 ygdR_3 ygdR_4
[14:05:20] Fixed 2 duplicate /gene - garP_1 garP_2
[14:05:20] Fixed 3 duplicate /gene - bla_1 bla_2 bla_3
[14:05:20] Fixed 2 duplicate /gene - feaB_1 feaB_2
[14:05:20] Fixed 2 duplicate /gene - yciE_1 yciE_2
[14:05:20] Fixed 3 duplicate /gene - pdeB_1 pdeB_2 pdeB_3
[14:05:20] Fixed 2 duplicate /gene - dsbA_1 dsbA_2
[14:05:20] Fixed 2 duplicate /gene - epsF_1 epsF_2
[14:05:20] Fixed 8 duplicate /gene - fimD_1 fimD_2 fimD_3 fimD_4 fimD_5 fimD_6 fimD_7 fimD_8
[14:05:20] Fixed 2 duplicate /gene - kgtP_1 kgtP_2
[14:05:20] Fixed 2 duplicate /gene - clpP_1 clpP_2
[14:05:20] Fixed 2 duplicate /gene - agp_1 agp_2
[14:05:20] Fixed 2 duplicate /gene - bcsQ_1 bcsQ_2
[14:05:20] Fixed 4 duplicate /gene - celA_1 celA_2 celA_3 celA_4
[14:05:20] Fixed 2 duplicate /gene - fimG_1 fimG_2
[14:05:20] Fixed 3 duplicate /gene - gudP_1 gudP_2 gudP_3
[14:05:20] Fixed 2 duplicate /gene - yohK_1 yohK_2
[14:05:20] Fixed 2 duplicate /gene - dhaM_1 dhaM_2
[14:05:20] Fixed 2 duplicate /gene - katG_1 katG_2
[14:05:20] Fixed 2 duplicate /gene - xylH_1 xylH_2
[14:05:20] Fixed 2 duplicate /gene - lacG_1 lacG_2
[14:05:20] Fixed 2 duplicate /gene - lpxD_1 lpxD_2
[14:05:20] Fixed 2 duplicate /gene - fepA_1 fepA_2
[14:05:20] Fixed 2 duplicate /gene - hsrA_1 hsrA_2
[14:05:20] Fixed 5 duplicate /gene - yajO_1 yajO_2 yajO_3 yajO_4 yajO_5
[14:05:20] Fixed 3 duplicate /gene - suhB_1 suhB_2 suhB_3
[14:05:20] Fixed 3 duplicate /gene - garK_1 garK_2 garK_3
[14:05:20] Fixed 6 duplicate /gene - xerC_1 xerC_2 xerC_3 xerC_4 xerC_5 xerC_6
[14:05:20] Fixed 2 duplicate /gene - lpfA_1 lpfA_2
[14:05:20] Fixed 2 duplicate /gene - can_1 can_2
[14:05:20] Fixed 2 duplicate /gene - fruB_1 fruB_2
[14:05:20] Fixed 3 duplicate /gene - metI_1 metI_2 metI_3
[14:05:20] Fixed 2 duplicate /gene - ytfQ_1 ytfQ_2
[14:05:20] Fixed 2 duplicate /gene - glgS_1 glgS_2
[14:05:20] Fixed 2 duplicate /gene - flu_1 flu_2
[14:05:20] Fixed 2 duplicate /gene - bamA_1 bamA_2
[14:05:20] Fixed 2 duplicate /gene - cobT_1 cobT_2
[14:05:20] Fixed 3 duplicate /gene - betI_1 betI_2 betI_3
[14:05:20] Fixed 2 duplicate /gene - araC_1 araC_2
[14:05:20] Fixed 3 duplicate /gene - lrp_1 lrp_2 lrp_3
[14:05:20] Fixed 3 duplicate /gene - fdhF_1 fdhF_2 fdhF_3
[14:05:20] Fixed 2 duplicate /gene - emrB_1 emrB_2
[14:05:20] Fixed 2 duplicate /gene - cysH_1 cysH_2
[14:05:20] Fixed 2 duplicate /gene - rhlE_1 rhlE_2
[14:05:20] Fixed 2 duplicate /gene - astD_1 astD_2
[14:05:20] Fixed 3 duplicate /gene - ssuA_1 ssuA_2 ssuA_3
[14:05:20] Fixed 2 duplicate /gene - sdaC_1 sdaC_2
[14:05:20] Fixed 2 duplicate /gene - pal_1 pal_2
[14:05:20] Fixed 2 duplicate /gene - malG_1 malG_2
[14:05:20] Fixed 2 duplicate /gene - prmC_1 prmC_2
[14:05:20] Fixed 2 duplicate /gene - gltA_1 gltA_2
[14:05:20] Fixed 2 duplicate /gene - fim_1 fim_2
[14:05:20] Fixed 3 duplicate /gene - mltF_1 mltF_2 mltF_3
[14:05:20] Fixed 3 duplicate /gene - tsaR_1 tsaR_2 tsaR_3
[14:05:20] Fixed 2 duplicate /gene - talB_1 talB_2
[14:05:20] Fixed 2 duplicate /gene - ghrA_1 ghrA_2
[14:05:20] Fixed 2 duplicate /gene - rutD_1 rutD_2
[14:05:20] Fixed 2 duplicate /gene - cycA_1 cycA_2
[14:05:20] Fixed 443 colliding /gene names.
[14:05:20] Adding /locus_tag identifiers
[14:05:20] Assigned 5283 locus_tags to CDS and RNA features.
[14:05:20] Writing outputs to prokkaannotation/
[14:05:25] Generating annotation statistics file
[14:05:25] Generating Genbank and Sequin files
[14:05:25] Running: tbl2asn -V b -a r10k -l paired-ends -M n -N 1 -y 'Annotated using prokka 1.14.6 from https://github.com/tseemann/prokka' -Z prokkaannotation\/microbe\.err -i prokkaannotation\/microbe\.fsa 2> /dev/null
[14:05:38] Deleting unwanted file: prokkaannotation/errorsummary.val
[14:05:38] Deleting unwanted file: prokkaannotation/microbe.dr
[14:05:38] Deleting unwanted file: prokkaannotation/microbe.fixedproducts
[14:05:38] Deleting unwanted file: prokkaannotation/microbe.ecn
[14:05:38] Deleting unwanted file: prokkaannotation/microbe.val
[14:05:38] Repairing broken .GBK output that tbl2asn produces...
[14:05:38] Running: sed 's/COORDINATES: profile/COORDINATES:profile/' < prokkaannotation\/microbe\.gbf > prokkaannotation\/microbe\.gbk
[14:05:39] Deleting unwanted file: prokkaannotation/microbe.gbf
[14:05:39] Output files:
[14:05:39] prokkaannotation/microbe.err
[14:05:39] prokkaannotation/microbe.faa
[14:05:39] prokkaannotation/microbe.ffn
[14:05:39] prokkaannotation/microbe.fna
[14:05:39] prokkaannotation/microbe.fsa
[14:05:39] prokkaannotation/microbe.gbk
[14:05:39] prokkaannotation/microbe.gff
[14:05:39] prokkaannotation/microbe.log
[14:05:39] prokkaannotation/microbe.sqn
[14:05:39] prokkaannotation/microbe.tbl
[14:05:39] prokkaannotation/microbe.tsv
[14:05:39] prokkaannotation/microbe.txt
[14:05:39] Annotation finished successfully.
[14:05:39] Walltime used: 2.57 minutes
[14:05:39] If you use this result please cite the Prokka paper:
[14:05:39] Seemann T (2014) Prokka: rapid prokaryotic genome annotation. Bioinformatics. 30(14):2068-9.
[14:05:39] Type 'prokka --citation' for more details.
[14:05:39] Thank you, come again.
